#
# There is insufficient memory for the Java Runtime Environment to continue.
# Native memory allocation (malloc) failed to allocate 1048576 bytes for AllocateHeap
# Possible reasons:
#   The system is out of physical RAM or swap space
#   In 32 bit mode, the process size limit was hit
# Possible solutions:
#   Reduce memory load on the system
#   Increase physical memory or swap space
#   Check if swap backing store is full
#   Use 64 bit Java on a 64 bit OS
#   Decrease Java heap size (-Xmx/-Xms)
#   Decrease number of Java threads
#   Decrease Java thread stack sizes (-Xss)
#   Set larger code cache with -XX:ReservedCodeCacheSize=
# This output file may be truncated or incomplete.
#
#  Out of Memory Error (memory/allocation.inline.hpp:61), pid=4572, tid=1352
#
# JRE version:  (8.0_91-b15) (build )
# Java VM: Java HotSpot(TM) 64-Bit Server VM (25.91-b15 mixed mode windows-amd64 compressed oops)
# Failed to write core dump. Minidumps are not enabled by default on client versions of Windows
#

---------------  T H R E A D  ---------------

Current thread (0x0000000002e10800):  JavaThread "Unknown thread" [_thread_in_vm, id=1352, stack(0x00000000029c0000,0x0000000002ac0000)]

Stack: [0x00000000029c0000,0x0000000002ac0000]
[error occurred during error reporting (printing stack bounds), id 0xc0000005]

Native frames: (J=compiled Java code, j=interpreted, Vv=VM code, C=native code)


---------------  P R O C E S S  ---------------

Java Threads: ( => current thread )

Other Threads:

=>0x0000000002e10800 (exited) JavaThread "Unknown thread" [_thread_in_vm, id=1352, stack(0x00000000029c0000,0x0000000002ac0000)]

VM state:not at safepoint (normal execution)

VM Mutex/Monitor currently owned by a thread: None

Heap:
 PSYoungGen      total 38400K, used 665K [0x00000000eab00000, 0x00000000ed580000, 0x0000000100000000)
  eden space 33280K, 2% used [0x00000000eab00000,0x00000000eaba6670,0x00000000ecb80000)
  from space 5120K, 0% used [0x00000000ed080000,0x00000000ed080000,0x00000000ed580000)
  to   space 5120K, 0% used [0x00000000ecb80000,0x00000000ecb80000,0x00000000ed080000)
 ParOldGen       total 87552K, used 0K [0x00000000c0000000, 0x00000000c5580000, 0x00000000eab00000)
  object space 87552K, 0% used [0x00000000c0000000,0x00000000c0000000,0x00000000c5580000)
 Metaspace       used 769K, capacity 4480K, committed 4480K, reserved 1056768K
  class space    used 75K, capacity 384K, committed 384K, reserved 1048576K

Card table byte_map: [0x0000000012350000,0x0000000012560000] byte_map_base: 0x0000000011d50000

Marking Bits: (ParMarkBitMap*) 0x000000006d342f70
 Begin Bits: [0x0000000012ac0000, 0x0000000013ac0000)
 End Bits:   [0x0000000013ac0000, 0x0000000014ac0000)

Polling page: 0x0000000001130000

CodeCache: size=245760Kb used=328Kb max_used=328Kb free=245431Kb
 bounds [0x0000000002f90000, 0x0000000003200000, 0x0000000011f90000]
 total_blobs=58 nmethods=0 adapters=38
 compilation: enabled

Compilation events (0 events):
No events

GC Heap History (0 events):
No events

Deoptimization events (0 events):
No events

Internal exceptions (0 events):
No events

Events (10 events):
Event: 0.026 loading class java/lang/Short
Event: 0.026 loading class java/lang/Short done
Event: 0.026 loading class java/lang/Integer
Event: 0.026 loading class java/lang/Integer done
Event: 0.026 loading class java/lang/Long
Event: 0.026 loading class java/lang/Long done
Event: 0.027 loading class java/lang/NullPointerException
Event: 0.027 loading class java/lang/NullPointerException done
Event: 0.027 loading class java/lang/ArithmeticException
Event: 0.027 loading class java/lang/ArithmeticException done


Dynamic libraries:
0x00007ff6589e0000 - 0x00007ff658a17000 	C:\Program Files\Java\jdk1.8.0_91\bin\java.exe
0x00007ffa22b60000 - 0x00007ffa22d0a000 	C:\Windows\SYSTEM32\ntdll.dll
0x00007ffa222c0000 - 0x00007ffa223fa000 	C:\Windows\system32\KERNEL32.DLL
0x00007ffa20230000 - 0x00007ffa20340000 	C:\Windows\system32\KERNELBASE.dll
0x00007ffa1ea50000 - 0x00007ffa1ead8000 	C:\Windows\system32\apphelp.dll
0x00007ffa069c0000 - 0x00007ffa06a0f000 	C:\Windows\AppPatch\AppPatch64\AcGenral.DLL
0x00007ffa22880000 - 0x00007ffa22927000 	C:\Windows\system32\msvcrt.dll
0x00007ffa1fb80000 - 0x00007ffa1fbab000 	C:\Windows\SYSTEM32\SspiCli.dll
0x00007ffa207b0000 - 0x00007ffa20801000 	C:\Windows\system32\SHLWAPI.dll
0x00007ffa20af0000 - 0x00007ffa20c61000 	C:\Windows\system32\USER32.dll
0x00007ffa20630000 - 0x00007ffa207a8000 	C:\Windows\system32\ole32.dll
0x00007ffa20dd0000 - 0x00007ffa221e7000 	C:\Windows\system32\SHELL32.dll
0x00007ffa1f4c0000 - 0x00007ffa1f4df000 	C:\Windows\SYSTEM32\USERENV.dll
0x00007ffa20c70000 - 0x00007ffa20d15000 	C:\Windows\system32\ADVAPI32.dll
0x00007ffa156b0000 - 0x00007ffa156cb000 	C:\Windows\SYSTEM32\MPR.dll
0x00007ffa20870000 - 0x00007ffa209a6000 	C:\Windows\system32\RPCRT4.dll
0x00007ffa225e0000 - 0x00007ffa22637000 	C:\Windows\SYSTEM32\sechost.dll
0x00007ffa22400000 - 0x00007ffa225d6000 	C:\Windows\SYSTEM32\combase.dll
0x00007ffa229b0000 - 0x00007ffa22af5000 	C:\Windows\system32\GDI32.dll
0x00007ffa1fed0000 - 0x00007ffa1fee4000 	C:\Windows\SYSTEM32\profapi.dll
0x00007ffa1e4e0000 - 0x00007ffa1e57f000 	C:\Windows\SYSTEM32\SHCORE.dll
0x00007ffa22b00000 - 0x00007ffa22b34000 	C:\Windows\system32\IMM32.DLL
0x00007ffa209b0000 - 0x00007ffa20ae9000 	C:\Windows\system32\MSCTF.dll
0x00007ffa1e070000 - 0x00007ffa1e2ca000 	C:\Windows\WinSxS\amd64_microsoft.windows.common-controls_6595b64144ccf1df_6.0.9600.17031_none_6242a4b3ecbb55a1\COMCTL32.dll
0x000000006d3d0000 - 0x000000006d4a2000 	C:\Program Files\Java\jdk1.8.0_91\jre\bin\msvcr100.dll
0x000000006cb30000 - 0x000000006d3c3000 	C:\Program Files\Java\jdk1.8.0_91\jre\bin\server\jvm.dll
0x00007ffa1c510000 - 0x00007ffa1c519000 	C:\Windows\SYSTEM32\WSOCK32.dll
0x00007ffa15400000 - 0x00007ffa1541f000 	C:\Windows\SYSTEM32\WINMM.dll
0x00007ffa1ef70000 - 0x00007ffa1ef7a000 	C:\Windows\SYSTEM32\VERSION.dll
0x00007ffa229a0000 - 0x00007ffa229a7000 	C:\Windows\system32\PSAPI.DLL
0x00007ffa22940000 - 0x00007ffa22998000 	C:\Windows\system32\WS2_32.dll
0x00007ffa153d0000 - 0x00007ffa153fa000 	C:\Windows\SYSTEM32\WINMMBASE.dll
0x00007ffa22930000 - 0x00007ffa22939000 	C:\Windows\system32\NSI.dll
0x00007ffa20340000 - 0x00007ffa2038a000 	C:\Windows\SYSTEM32\cfgmgr32.dll
0x00007ffa1ecf0000 - 0x00007ffa1ed16000 	C:\Windows\SYSTEM32\DEVOBJ.dll
0x000000006cb20000 - 0x000000006cb2f000 	C:\Program Files\Java\jdk1.8.0_91\jre\bin\verify.dll
0x000000006caf0000 - 0x000000006cb19000 	C:\Program Files\Java\jdk1.8.0_91\jre\bin\java.dll
0x000000006cad0000 - 0x000000006cae6000 	C:\Program Files\Java\jdk1.8.0_91\jre\bin\zip.dll

VM Arguments:
jvm_args: -Djava.awt.headless=true -Xmx1024M -Dfile.encoding=GBK -Duser.country=CN -Duser.language=zh -Duser.variant 
java_command: com.android.dx.command.Main --dex --force-jumbo --num-threads=4 --output F:\Android\CODE\git\LvsCabin\LvsCabin\app\build\intermediates\pre-dexed\debug\internal_impl-24.2.0_06047b1f9399e7772aaf025fd13e21783b3e24a3.jar F:\Android\CODE\git\LvsCabin\LvsCabin\app\build\intermediates\exploded-aar\com.android.support\support-core-utils\24.2.0\jars\libs\internal_impl-24.2.0.jar
java_class_path (initial): F:\Android\android\SDK\build-tools\24.0.0\lib\dx.jar
Launcher Type: SUN_STANDARD

Environment Variables:
JAVA_HOME=C:\Program Files\Java\jdk1.8.0_91
CLASSPATH=.;C:\Program Files\Java\jdk1.8.0_91\lib;C:\Program Files\Java\jdk1.8.0_91\lib\tools.jar
PATH=C:\ProgramData\Oracle\Java\javapath;C:\Windows\system32;C:\Windows;C:\Windows\System32\Wbem;C:\Windows\System32\WindowsPowerShell\v1.0\;C:\Program Files\Java\jdk1.8.0_91\bin;C:\Program Files\Java\jdk1.8.0_91\jre\bin;C:\Program Files (x86)\Skype\Phone\;F:\Android\android\SDK\platform-tools
USERNAME=lxt352
OS=Windows_NT
PROCESSOR_IDENTIFIER=Intel64 Family 6 Model 60 Stepping 3, GenuineIntel



---------------  S Y S T E M  ---------------

OS: Windows 8.1 , 64 bit Build 9600 (6.3.9600.17031)

CPU:total 4 (4 cores per cpu, 1 threads per core) family 6 model 60 stepping 3, cmov, cx8, fxsr, mmx, sse, sse2, sse3, ssse3, sse4.1, sse4.2, popcnt, avx, avx2, aes, clmul, erms, lzcnt, tsc, tscinvbit, bmi1, bmi2

Memory: 4k page, physical 8305176k(890764k free), swap 11450904k(5848k free)

vm_info: Java HotSpot(TM) 64-Bit Server VM (25.91-b15) for windows-amd64 JRE (1.8.0_91-b15), built on May 20 2016 17:43:15 by "java_re" with MS VC++ 10.0 (VS2010)

time: Sat Oct 08 13:20:56 2016
elapsed time: 0 seconds (0d 0h 0m 0s)

